<?xml version="1.0" encoding="UTF-8"?>
<testng-results skipped="0" failed="0" ignored="0" total="1" passed="1">
  <reporter-output>
  </reporter-output>
  <suite name="Default suite" duration-ms="64" started-at="2018-04-17T01:14:26Z" finished-at="2018-04-17T01:14:26Z">
    <groups>
    </groups>
    <test name="Default test" duration-ms="64" started-at="2018-04-17T01:14:26Z" finished-at="2018-04-17T01:14:26Z">
      <class name="MavenTest.MavanTest.AppTest">
        <test-method status="PASS" signature="shouldAnswerWithTrue()[pri:0, instance:MavenTest.MavanTest.AppTest@224edc67]" name="shouldAnswerWithTrue" duration-ms="27" started-at="2018-04-16T21:14:26Z" finished-at="2018-04-16T21:14:26Z">
          <reporter-output>
          </reporter-output>
        </test-method> <!-- shouldAnswerWithTrue -->
      </class> <!-- MavenTest.MavanTest.AppTest -->
    </test> <!-- Default test -->
  </suite> <!-- Default suite -->
</testng-results>
